M68HC11 GAS  swap.s 			page 1


   1                 	;============================================-=
   2                 	; File:
   3                 	       .file "swap.s" 
   4                 	; Behaviour: 
   5                 	;      Swap the contents of AA and BB
   6                 	; Assumptions:
   7                 	;      none
   8                 	; Board:
   9                 	;      CME11-E9-EVBU 
  10                 	; Author/Date:
  11                 	;      Peter Walsh Feb 2001
  12                 	;      Revised Feb 2002
  13                 	;      Revised Jan 2003 
  14                 	;==========================================-=
  15                 	
  16                 	;----------------------------------------
  17                 	;            Text Section (code and data)
  18                 	;----------------------------------------
  19                 	.global _start
  20                 	.sect .text
  21                 	
  22                 	_start: 
  23 0000 8E 00 00    	          lds #_stack    ; initialize SP
  24 0003 B6 00 00    	          ldaa AA        ; load AA
  25 0006 F6 00 00    	          ldab BB        ; load BB
  26 0009 BD 00 00    	          jsr swapab     ; call swapab
  27 000c B7 00 00    	          staa AA        ; save AA
  28 000f F7 00 00    	          stab BB        ; save BB
  29 0012 3F          	          swi          
  30                 	
  31                 	;---------------------------------------------
  32                 	; Behaviour:
  33                 	;      Swap the contents of acca and accb
  34                 	; Assumptions:
  35                 	;      none
  36                 	; Register and Memory Usage:
  37                 	;    Precondition:
  38                 	;      acca and accb are input parameters
  39                 	;    Postcondition:
  40                 	;         acca and accb output parameters
  41                 	;    Destroyes:
  42                 	;         none
  43                 	;---------------------------------------------
  44 0013 36          	swapab:   psha
  45 0014 37          	          pshb
  46 0015 32          	          pula
  47 0016 33          	          pulb
  48 0017 39          	xswapab:  rts
  49                 	
  50                 	;----------------------------------------------
  51                 	;            Data (in the text section)
  52                 	;----------------------------------------------
  53                 	
  54 0018 03          	AA: .byte 3
  55 0019 04          	BB: .byte 4
  56                 	
  57                 	#set up dummy frame pointer
M68HC11 GAS  swap.s 			page 2


  58                 	.global _.frame
  59                 	_.frame: .word
  60                 	
  61                 	
  62                 	.end
