M68HC11 GAS  disass.s 			page 1


   1                 	;============================================-=
   2                 	; File:
   3                 	       .file "sigman.s" 
   4                 	; Behaviour: 
   5                 	;      Calculate sigma N and store the
   6                 	;      result in SUM
   7                 	; Assumptions:
   8                 	;      N is a program constant >= 0
   9                 	; Board:
  10                 	;      CME11-E9-EVBU 
  11                 	; Author/Date:
  12                 	;      Peter Walsh Feb 2001
  13                 	;      revised Feb 2002
  14                 	;
  15                 	;      modified by Daniel Guenther
  16                 	;      CSCI261, Section 2
  17                 	;      Task 4.a
  18                 	;      2016-02-11
  19                 	;============================================-=
  20                 	
  21                 	;----------------------------------------------
  22                 	;            Text Section (code and data)
  23                 	;----------------------------------------------
  24                 	.sect .text
  25                 	.global _start
  26                 	
  27                 	_start: 
  28 0000 CE 01 00    	loop:ldx #0x0100
  29 0003 4F          	     clra
  30 0004 5F          	     clrb
  31 0005 E3 00       	     addd 0,x
  32 0007 09          	     dex 
  33 0008 26 F6       	     bne loop
  34 000a 3F          	     swi
  35                 	
  36                 	;----------------------------------------------
  37                 	;            Data Section
  38                 	;----------------------------------------------
  39                 	
  40                 	.end
